2024-10-21T23:19:55.577-03:00  INFO 3988 --- [msclientes] [main] b.c.c.m.MsclientesApplicationTests       : Starting MsclientesApplicationTests using Java 17.0.8 with PID 3988 (started by moises araujo in C:\Users\moises araujo\Documents\documentos\Cursos\Curso Mensageria\Projetos\projeto-cursoms\msclientes)
2024-10-21T23:19:55.592-03:00  INFO 3988 --- [msclientes] [main] b.c.c.m.MsclientesApplicationTests       : The following 1 profile is active: "local"
2024-10-21T23:19:57.263-03:00  INFO 3988 --- [msclientes] [main] .s.d.r.c.RepositoryConfigurationDelegate : Bootstrapping Spring Data JPA repositories in DEFAULT mode.
2024-10-21T23:19:57.424-03:00  INFO 3988 --- [msclientes] [main] .s.d.r.c.RepositoryConfigurationDelegate : Finished Spring Data repository scanning in 149 ms. Found 1 JPA repository interface.
2024-10-21T23:19:57.810-03:00  INFO 3988 --- [msclientes] [main] o.s.cloud.context.scope.GenericScope     : BeanFactory id=b6e27ded-8fc6-34d5-b244-5d5a152ee361
2024-10-21T23:19:58.215-03:00  WARN 3988 --- [msclientes] [main] trationDelegate$BeanPostProcessorChecker : Bean 'org.springframework.cloud.client.loadbalancer.LoadBalancerAutoConfiguration$DeferringLoadBalancerInterceptorConfig' of type [org.springframework.cloud.client.loadbalancer.LoadBalancerAutoConfiguration$DeferringLoadBalancerInterceptorConfig] is not eligible for getting processed by all BeanPostProcessors (for example: not eligible for auto-proxying). The currently created BeanPostProcessor [lbRestClientPostProcessor] is declared through a non-static factory method on that class; consider declaring it as static instead.
2024-10-21T23:19:58.220-03:00  WARN 3988 --- [msclientes] [main] trationDelegate$BeanPostProcessorChecker : Bean 'deferringLoadBalancerInterceptor' of type [org.springframework.cloud.client.loadbalancer.DeferringLoadBalancerInterceptor] is not eligible for getting processed by all BeanPostProcessors (for example: not eligible for auto-proxying). Is this bean getting eagerly injected into a currently created BeanPostProcessor [lbRestClientPostProcessor]? Check the corresponding BeanPostProcessor declaration and its dependencies.
2024-10-21T23:19:58.477-03:00  INFO 3988 --- [msclientes] [main] com.zaxxer.hikari.HikariDataSource       : HikariPool-1 - Starting...
2024-10-21T23:19:58.727-03:00  INFO 3988 --- [msclientes] [main] com.zaxxer.hikari.pool.HikariPool        : HikariPool-1 - Added connection conn0: url=jdbc:h2:mem:c986d7d5-de7b-47e5-b316-6b1f37d516da user=SA
2024-10-21T23:19:58.729-03:00  INFO 3988 --- [msclientes] [main] com.zaxxer.hikari.HikariDataSource       : HikariPool-1 - Start completed.
2024-10-21T23:19:58.790-03:00  INFO 3988 --- [msclientes] [main] o.hibernate.jpa.internal.util.LogHelper  : HHH000204: Processing PersistenceUnitInfo [name: default]
2024-10-21T23:19:58.887-03:00  INFO 3988 --- [msclientes] [main] org.hibernate.Version                    : HHH000412: Hibernate ORM core version 6.4.10.Final
2024-10-21T23:19:58.949-03:00  INFO 3988 --- [msclientes] [main] o.h.c.internal.RegionFactoryInitiator    : HHH000026: Second-level cache disabled
2024-10-21T23:19:59.264-03:00  INFO 3988 --- [msclientes] [main] o.s.o.j.p.SpringPersistenceUnitInfo      : No LoadTimeWeaver setup: ignoring JPA class transformer
2024-10-21T23:20:00.173-03:00  INFO 3988 --- [msclientes] [main] o.h.e.t.j.p.i.JtaPlatformInitiator       : HHH000489: No JTA platform available (set 'hibernate.transaction.jta.platform' to enable JTA platform integration)
2024-10-21T23:20:00.211-03:00  INFO 3988 --- [msclientes] [main] j.LocalContainerEntityManagerFactoryBean : Initialized JPA EntityManagerFactory for persistence unit 'default'
2024-10-21T23:20:01.101-03:00  WARN 3988 --- [msclientes] [main] JpaBaseConfiguration$JpaWebConfiguration : spring.jpa.open-in-view is enabled by default. Therefore, database queries may be performed during view rendering. Explicitly configure spring.jpa.open-in-view to disable this warning
2024-10-21T23:20:02.876-03:00  INFO 3988 --- [msclientes] [main] DiscoveryClientOptionalArgsConfiguration : Eureka HTTP Client uses RestTemplate.
2024-10-21T23:20:02.963-03:00  WARN 3988 --- [msclientes] [main] iguration$LoadBalancerCaffeineWarnLogger : Spring Cloud LoadBalancer is currently working with the default cache. While this cache implementation is useful for development and tests, it's recommended to use Caffeine cache in production.You can switch to using Caffeine cache, by adding it and org.springframework.cache.caffeine.CaffeineCacheManager to the classpath.
2024-10-21T23:20:02.978-03:00  INFO 3988 --- [msclientes] [main] o.s.b.a.e.web.EndpointLinksResolver      : Exposing 17 endpoint(s) beneath base path '/actuator'
2024-10-21T23:20:03.105-03:00  INFO 3988 --- [msclientes] [main] b.c.c.m.MsclientesApplicationTests       : Started MsclientesApplicationTests in 8.057 seconds (process running for 9.183)
2024-10-21T23:20:03.851-03:00  INFO 3988 --- [msclientes] [SpringApplicationShutdownHook] o.s.c.n.eureka.InstanceInfoFactory       : Setting initial instance status as: STARTING
2024-10-21T23:20:03.854-03:00  INFO 3988 --- [msclientes] [SpringApplicationShutdownHook] o.s.c.n.e.s.EurekaServiceRegistry        : Unregistering application MSCLIENTES with eureka with status DOWN
2024-10-21T23:20:03.863-03:00  INFO 3988 --- [msclientes] [SpringApplicationShutdownHook] j.LocalContainerEntityManagerFactoryBean : Closing JPA EntityManagerFactory for persistence unit 'default'
2024-10-21T23:20:03.868-03:00  INFO 3988 --- [msclientes] [SpringApplicationShutdownHook] com.zaxxer.hikari.HikariDataSource       : HikariPool-1 - Shutdown initiated...
2024-10-21T23:20:03.871-03:00  INFO 3988 --- [msclientes] [SpringApplicationShutdownHook] com.zaxxer.hikari.HikariDataSource       : HikariPool-1 - Shutdown completed.
