2024-10-21T23:19:36.176-03:00  INFO 18648 --- [mscartoes] [main] b.c.c.m.MscartoesApplicationTests        : Starting MscartoesApplicationTests using Java 17.0.8 with PID 18648 (started by moises araujo in C:\Users\moises araujo\Documents\documentos\Cursos\Curso Mensageria\Projetos\projeto-cursoms\mscartoes)
2024-10-21T23:19:36.189-03:00  INFO 18648 --- [mscartoes] [main] b.c.c.m.MscartoesApplicationTests        : The following 1 profile is active: "local"
2024-10-21T23:19:37.921-03:00  INFO 18648 --- [mscartoes] [main] .s.d.r.c.RepositoryConfigurationDelegate : Bootstrapping Spring Data JPA repositories in DEFAULT mode.
2024-10-21T23:19:38.082-03:00  INFO 18648 --- [mscartoes] [main] .s.d.r.c.RepositoryConfigurationDelegate : Finished Spring Data repository scanning in 151 ms. Found 2 JPA repository interfaces.
2024-10-21T23:19:38.474-03:00  INFO 18648 --- [mscartoes] [main] o.s.cloud.context.scope.GenericScope     : BeanFactory id=1b397439-b80e-3c43-8571-bd195c0aa4c6
2024-10-21T23:19:38.924-03:00  WARN 18648 --- [mscartoes] [main] trationDelegate$BeanPostProcessorChecker : Bean 'org.springframework.cloud.client.loadbalancer.LoadBalancerAutoConfiguration$DeferringLoadBalancerInterceptorConfig' of type [org.springframework.cloud.client.loadbalancer.LoadBalancerAutoConfiguration$DeferringLoadBalancerInterceptorConfig] is not eligible for getting processed by all BeanPostProcessors (for example: not eligible for auto-proxying). The currently created BeanPostProcessor [lbRestClientPostProcessor] is declared through a non-static factory method on that class; consider declaring it as static instead.
2024-10-21T23:19:38.929-03:00  WARN 18648 --- [mscartoes] [main] trationDelegate$BeanPostProcessorChecker : Bean 'deferringLoadBalancerInterceptor' of type [org.springframework.cloud.client.loadbalancer.DeferringLoadBalancerInterceptor] is not eligible for getting processed by all BeanPostProcessors (for example: not eligible for auto-proxying). Is this bean getting eagerly injected into a currently created BeanPostProcessor [lbRestClientPostProcessor]? Check the corresponding BeanPostProcessor declaration and its dependencies.
2024-10-21T23:19:39.162-03:00  INFO 18648 --- [mscartoes] [main] com.zaxxer.hikari.HikariDataSource       : HikariPool-1 - Starting...
2024-10-21T23:19:39.475-03:00  INFO 18648 --- [mscartoes] [main] com.zaxxer.hikari.pool.HikariPool        : HikariPool-1 - Added connection conn0: url=jdbc:h2:mem:f0e53124-ab77-466d-9154-03c282232305 user=SA
2024-10-21T23:19:39.476-03:00  INFO 18648 --- [mscartoes] [main] com.zaxxer.hikari.HikariDataSource       : HikariPool-1 - Start completed.
2024-10-21T23:19:39.533-03:00  INFO 18648 --- [mscartoes] [main] o.hibernate.jpa.internal.util.LogHelper  : HHH000204: Processing PersistenceUnitInfo [name: default]
2024-10-21T23:19:39.637-03:00  INFO 18648 --- [mscartoes] [main] org.hibernate.Version                    : HHH000412: Hibernate ORM core version 6.4.10.Final
2024-10-21T23:19:39.695-03:00  INFO 18648 --- [mscartoes] [main] o.h.c.internal.RegionFactoryInitiator    : HHH000026: Second-level cache disabled
2024-10-21T23:19:40.066-03:00  INFO 18648 --- [mscartoes] [main] o.s.o.j.p.SpringPersistenceUnitInfo      : No LoadTimeWeaver setup: ignoring JPA class transformer
2024-10-21T23:19:41.031-03:00  INFO 18648 --- [mscartoes] [main] o.h.e.t.j.p.i.JtaPlatformInitiator       : HHH000489: No JTA platform available (set 'hibernate.transaction.jta.platform' to enable JTA platform integration)
2024-10-21T23:19:41.084-03:00  INFO 18648 --- [mscartoes] [main] j.LocalContainerEntityManagerFactoryBean : Initialized JPA EntityManagerFactory for persistence unit 'default'
2024-10-21T23:19:42.042-03:00  WARN 18648 --- [mscartoes] [main] JpaBaseConfiguration$JpaWebConfiguration : spring.jpa.open-in-view is enabled by default. Therefore, database queries may be performed during view rendering. Explicitly configure spring.jpa.open-in-view to disable this warning
2024-10-21T23:19:44.244-03:00  INFO 18648 --- [mscartoes] [main] DiscoveryClientOptionalArgsConfiguration : Eureka HTTP Client uses RestTemplate.
2024-10-21T23:19:44.340-03:00  WARN 18648 --- [mscartoes] [main] iguration$LoadBalancerCaffeineWarnLogger : Spring Cloud LoadBalancer is currently working with the default cache. While this cache implementation is useful for development and tests, it's recommended to use Caffeine cache in production.You can switch to using Caffeine cache, by adding it and org.springframework.cache.caffeine.CaffeineCacheManager to the classpath.
2024-10-21T23:19:44.358-03:00  INFO 18648 --- [mscartoes] [main] o.s.b.a.e.web.EndpointLinksResolver      : Exposing 17 endpoint(s) beneath base path '/actuator'
2024-10-21T23:19:44.528-03:00  INFO 18648 --- [mscartoes] [main] o.s.a.r.c.CachingConnectionFactory       : Attempting to connect to: [localhost:5672]
2024-10-21T23:19:44.564-03:00  INFO 18648 --- [mscartoes] [main] o.s.a.r.l.SimpleMessageListenerContainer : Broker not available; cannot force queue declarations during start: java.net.ConnectException: Connection refused: no further information
2024-10-21T23:19:44.576-03:00  INFO 18648 --- [mscartoes] [org.springframework.amqp.rabbit.RabbitListenerEndpointContainer#0-1] o.s.a.r.c.CachingConnectionFactory       : Attempting to connect to: [localhost:5672]
2024-10-21T23:19:44.594-03:00  INFO 18648 --- [mscartoes] [main] b.c.c.m.MscartoesApplicationTests        : Started MscartoesApplicationTests in 8.93 seconds (process running for 10.124)
2024-10-21T23:19:45.284-03:00  INFO 18648 --- [mscartoes] [SpringApplicationShutdownHook] o.s.c.n.eureka.InstanceInfoFactory       : Setting initial instance status as: STARTING
2024-10-21T23:19:45.287-03:00  INFO 18648 --- [mscartoes] [SpringApplicationShutdownHook] o.s.c.n.e.s.EurekaServiceRegistry        : Unregistering application MSCARTOES with eureka with status DOWN
2024-10-21T23:19:45.293-03:00  INFO 18648 --- [mscartoes] [org.springframework.amqp.rabbit.RabbitListenerEndpointContainer#0-2] o.s.a.r.l.SimpleMessageListenerContainer : Waiting for workers to finish.
2024-10-21T23:19:45.293-03:00  INFO 18648 --- [mscartoes] [org.springframework.amqp.rabbit.RabbitListenerEndpointContainer#0-2] o.s.a.r.l.SimpleMessageListenerContainer : Successfully waited for workers to finish.
2024-10-21T23:19:45.302-03:00  INFO 18648 --- [mscartoes] [SpringApplicationShutdownHook] j.LocalContainerEntityManagerFactoryBean : Closing JPA EntityManagerFactory for persistence unit 'default'
2024-10-21T23:19:45.308-03:00  INFO 18648 --- [mscartoes] [SpringApplicationShutdownHook] com.zaxxer.hikari.HikariDataSource       : HikariPool-1 - Shutdown initiated...
2024-10-21T23:19:45.311-03:00  INFO 18648 --- [mscartoes] [SpringApplicationShutdownHook] com.zaxxer.hikari.HikariDataSource       : HikariPool-1 - Shutdown completed.
